
/home/runner/work/exp-protein-page-iitkgp/exp-protein-page-iitkgp/experiment/simulation/js/jsplumb.js
     68:9   warning  'root' is assigned a value but never used                                  no-unused-vars
    130:18  warning  'i' is already defined                                                     no-redeclare
    184:18  warning  'i' is already defined                                                     no-redeclare
    242:22  warning  'j' is already defined                                                     no-redeclare
    264:56  warning  't' is defined but never used                                              no-unused-vars
    279:26  warning  'j' is already defined                                                     no-redeclare
    582:9   warning  'exports' is not defined                                                   no-undef
    616:1   warning  Unnecessary semicolon                                                      no-extra-semi
    626:9   warning  'exports' is not defined                                                   no-undef
    661:9   warning  '_normal' is assigned a value but never used                               no-unused-vars
    672:9   warning  '_lineLength' is assigned a value but never used                           no-unused-vars
    706:9   warning  '_theta' is assigned a value but never used                                no-unused-vars
    725:9   warning  '_intersects' is assigned a value but never used                           no-unused-vars
    747:9   warning  '_encloses' is assigned a value but never used                             no-unused-vars
    764:9   warning  '_pointOnLine' is assigned a value but never used                          no-unused-vars
    781:9   warning  '_perpendicularLineTo' is assigned a value but never used                  no-unused-vars
    789:1   warning  Unnecessary semicolon                                                      no-extra-semi
    846:28  warning  'view' is defined but never used                                           no-unused-vars
    846:34  warning  'target' is defined but never used                                         no-unused-vars
    846:42  warning  'pageX' is defined but never used                                          no-unused-vars
    846:49  warning  'pageY' is defined but never used                                          no-unused-vars
    846:56  warning  'screenX' is defined but never used                                        no-unused-vars
    846:65  warning  'screenY' is defined but never used                                        no-unused-vars
    846:74  warning  'clientX' is defined but never used                                        no-unused-vars
    846:83  warning  'clientY' is defined but never used                                        no-unused-vars
   1040:58  warning  Do not access Object.prototype method 'hasOwnProperty' from target object  no-prototype-builtins
   1082:39  warning  Do not access Object.prototype method 'hasOwnProperty' from target object  no-prototype-builtins
   1132:9   warning  'touchstart' is assigned a value but never used                            no-unused-vars
   1132:36  warning  'touchend' is assigned a value but never used                              no-unused-vars
   1132:59  warning  'touchmove' is assigned a value but never used                             no-unused-vars
   1137:54  warning  Unnecessary escape character: \.                                           no-useless-escape
   1223:73  warning  Invalid typeof comparison value                                            valid-typeof
   1286:38  warning  Do not access Object.prototype method 'hasOwnProperty' from target object  no-prototype-builtins
   1288:51  warning  Do not access Object.prototype method 'hasOwnProperty' from target object  no-prototype-builtins
   1310:29  warning  'el' is defined but never used                                             no-unused-vars
   1310:33  warning  'event' is defined but never used                                          no-unused-vars
   1310:40  warning  'children' is defined but never used                                       no-unused-vars
   1310:50  warning  'fn' is defined but never used                                             no-unused-vars
   1457:9   warning  'exports' is not defined                                                   no-undef
   1490:1   warning  Unnecessary semicolon                                                      no-extra-semi
   1595:54  warning  Unnecessary escape character: \.                                           no-useless-escape
   1719:42  warning  'scope' is defined but never used                                          no-unused-vars
   1727:13  warning  'scroll' is assigned a value but never used                                no-unused-vars
   1875:13  warning  '_addFilter' is assigned a value but never used                            no-unused-vars
   1876:13  warning  '_removeFilter' is assigned a value but never used                         no-unused-vars
   2091:31  warning  Empty block statement                                                      no-empty
   2280:42  warning  'scope' is defined but never used                                          no-unused-vars
   2300:56  warning  'drag' is defined but never used                                           no-unused-vars
   2388:13  warning  '_getMatchingDroppables' is assigned a value but never used                no-unused-vars
   2432:18  warning  'i' is already defined                                                     no-redeclare
   2754:40  warning  'spec' is defined but never used                                           no-unused-vars
   2777:38  warning  'spec' is defined but never used                                           no-unused-vars
   2862:9   warning  'exports' is not defined                                                   no-undef
   2874:42  warning  'exports' is not defined                                                   no-undef
   2915:19  warning  Do not access Object.prototype method 'hasOwnProperty' from target object  no-prototype-builtins
   3011:26  warning  Unnecessary escape character: \.                                           no-useless-escape
   3012:40  warning  Unnecessary escape character: \[                                           no-useless-escape
   3180:36  warning  '_protoFn' is defined but never used                                       no-unused-vars
   3188:45  warning  Do not access Object.prototype method 'hasOwnProperty' from target object  no-prototype-builtins
   3188:83  warning  Do not access Object.prototype method 'hasOwnProperty' from target object  no-prototype-builtins
   3201:41  warning  Do not access Object.prototype method 'hasOwnProperty' from target object  no-prototype-builtins
   3201:79  warning  Do not access Object.prototype method 'hasOwnProperty' from target object  no-prototype-builtins
   3242:42  warning  Empty block statement                                                      no-empty
   3320:23  warning  Empty block statement                                                      no-empty
   3488:2   warning  Unnecessary semicolon                                                      no-extra-semi
   3553:1   warning  Unnecessary semicolon                                                      no-extra-semi
   3585:9   warning  'eventFilters' is assigned a value but never used                          no-unused-vars
   3604:9   warning  '_each' is assigned a value but never used                                 no-unused-vars
   4583:13  warning  '_setDraggable' is assigned a value but never used                         no-unused-vars
   4807:56  warning  'args' is defined but never used                                           no-unused-vars
   4855:60  warning  'cEl' is assigned a value but never used                                   no-unused-vars
   5481:13  warning  '_unmanage' is assigned a value but never used                             no-unused-vars
   5576:68  warning  'jsPlumbInstance' is assigned a value but never used                       no-unused-vars
   6146:39  warning  'scope' is defined but never used                                          no-unused-vars
   6751:9   warning  'exports' is not defined                                                   no-undef
   6766:1   warning  Unnecessary semicolon                                                      no-extra-semi
   6882:36  warning  'ignoreAttachedElements' is defined but never used                         no-unused-vars
   7059:1   warning  Unnecessary semicolon                                                      no-extra-semi
   7304:41  warning  'doNotRepaint' is defined but never used                                   no-unused-vars
   7309:50  warning  'doNotRepaint' is defined but never used                                   no-unused-vars
   7374:53  warning  'fireEvent' is defined but never used                                      no-unused-vars
   7374:64  warning  'originalEvent' is defined but never used                                  no-unused-vars
   7488:52  warning  Do not access Object.prototype method 'hasOwnProperty' from target object  no-prototype-builtins
   7534:39  warning  'startParams' is defined but never used                                    no-unused-vars
   8111:17  warning  'elId' is assigned a value but never used                                  no-unused-vars
   8348:1   warning  Unnecessary semicolon                                                      no-extra-semi
   8865:52  warning  Do not access Object.prototype method 'hasOwnProperty' from target object  no-prototype-builtins
   8889:52  warning  Do not access Object.prototype method 'hasOwnProperty' from target object  no-prototype-builtins
   8901:21  warning  'jsPlumb' is not defined                                                   no-undef
   8984:1   warning  Unnecessary semicolon                                                      no-extra-semi
   9709:27  warning  'Biltong' is not defined                                                   no-undef
  10061:23  warning  'jsPlumbUtil' is not defined                                               no-undef
  10293:1   warning  Unnecessary semicolon                                                      no-extra-semi
  10323:53  warning  'x' is defined but never used                                              no-unused-vars
  10323:56  warning  'y' is defined but never used                                              no-unused-vars
  10350:46  warning  'x1' is defined but never used                                             no-unused-vars
  10350:50  warning  'y1' is defined but never used                                             no-unused-vars
  10350:54  warning  'x2' is defined but never used                                             no-unused-vars
  10350:58  warning  'y2' is defined but never used                                             no-unused-vars
  10383:17  warning  '_super' is assigned a value but never used                                no-unused-vars
  10441:46  warning  '_' is defined but never used                                              no-unused-vars
  10643:17  warning  '_super' is assigned a value but never used                                no-unused-vars
  10789:17  warning  '_super' is assigned a value but never used                                no-unused-vars
  11112:13  warning  'dumpSegmentsToConsole' is assigned a value but never used                 no-unused-vars
  11168:48  warning  'anchorPoint' is defined but never used                                    no-unused-vars
  11168:61  warning  'orientation' is defined but never used                                    no-unused-vars
  11168:74  warning  'endpointStyle' is defined but never used                                  no-unused-vars
  11168:89  warning  'connectorPaintStyle' is defined but never used                            no-unused-vars
  11201:13  warning  '_super' is assigned a value but never used                                no-unused-vars
  11207:76  warning  'connectorPaintStyle' is defined but never used                            no-unused-vars
  11228:13  warning  '_super' is assigned a value but never used                                no-unused-vars
  11233:76  warning  'connectorPaintStyle' is defined but never used                            no-unused-vars
  11244:40  warning  'params' is defined but never used                                         no-unused-vars
  11322:48  warning  'orientation' is defined but never used                                    no-unused-vars
  11322:61  warning  'endpointStyle' is defined but never used                                  no-unused-vars
  11322:76  warning  'connectorPaintStyle' is defined but never used                            no-unused-vars
  11348:40  warning  'd' is defined but never used                                              no-unused-vars
  11348:43  warning  'style' is defined but never used                                          no-unused-vars
  11348:50  warning  'anchor' is defined but never used                                         no-unused-vars
  11391:13  warning  '_super' is assigned a value but never used                                no-unused-vars
  11394:48  warning  'orientation' is defined but never used                                    no-unused-vars
  11394:61  warning  'endpointStyle' is defined but never used                                  no-unused-vars
  11394:76  warning  'connectorPaintStyle' is defined but never used                            no-unused-vars
  11410:32  warning  'style' is defined but never used                                          no-unused-vars
  11410:39  warning  'anchor' is defined but never used                                         no-unused-vars
  11443:76  warning  'connectorPaintStyle' is defined but never used                            no-unused-vars
  11472:27  warning  'instance' is defined but never used                                       no-unused-vars
  11472:37  warning  'component' is defined but never used                                      no-unused-vars
  11541:43  warning  'component' is defined but never used                                      no-unused-vars
  11705:17  warning  'jsPlumb' is not defined                                                   no-undef
  11812:37  warning  'component' is defined but never used                                      no-unused-vars
  11822:29  warning  'containerExtents' is defined but never used                               no-unused-vars
  11850:37  warning  'params' is defined but never used                                         no-unused-vars
  11863:42  warning  'currentConnectionPaintStyle' is defined but never used                    no-unused-vars
  11907:13  warning  'labelWidth' is assigned a value but never used                            no-unused-vars
  11907:32  warning  'labelHeight' is assigned a value but never used                           no-unused-vars
  11907:52  warning  'labelText' is assigned a value but never used                             no-unused-vars
  11907:70  warning  'labelPadding' is assigned a value but never used                          no-unused-vars
  11997:1   warning  Unnecessary semicolon                                                      no-extra-semi
  12441:35  warning  'conn' is defined but never used                                           no-unused-vars
  12441:41  warning  'endpointIndex' is defined but never used                                  no-unused-vars
  12445:37  warning  'conn' is defined but never used                                           no-unused-vars
  12445:43  warning  'endpointIndex' is defined but never used                                  no-unused-vars
  12453:56  warning  'jsPlumb' is not defined                                                   no-undef
  12489:38  warning  '_el' is defined but never used                                            no-unused-vars
  12489:43  warning  'targetGroup' is defined but never used                                    no-unused-vars
  12539:25  warning  'jsPlumbUtil' is not defined                                               no-undef
  12883:1   warning  Unnecessary semicolon                                                      no-extra-semi
  12899:41  warning  'lastOrientation' is assigned a value but never used                       no-unused-vars
  12903:13  warning  'loopbackRadius' is assigned a value but never used                        no-unused-vars
  12904:13  warning  'isLoopbackCurrently' is assigned a value but never used                   no-unused-vars
  13248:1   warning  Unnecessary semicolon                                                      no-extra-semi
  13257:13  warning  'curviness' is assigned a value but never used                             no-unused-vars
  13259:13  warning  'proximityLimit' is assigned a value but never used                        no-unused-vars
  13262:13  warning  'isLoopbackCurrently' is assigned a value but never used                   no-unused-vars
  13401:1   warning  Unnecessary semicolon                                                      no-extra-semi
  13496:13  warning  'clockwise' is assigned a value but never used                             no-unused-vars
  13596:1   warning  Unnecessary semicolon                                                      no-extra-semi
  13603:30  warning  'params' is defined but never used                                         no-unused-vars
  13607:46  warning  '_' is defined but never used                                              no-unused-vars
  13628:1   warning  Unnecessary semicolon                                                      no-extra-semi
  14033:35  warning  'style' is defined but never used                                          no-unused-vars
  14056:35  warning  'style' is defined but never used                                          no-unused-vars
  14092:13  warning  'self' is assigned a value but never used                                  no-unused-vars
  14251:1   warning  Unnecessary semicolon                                                      no-extra-semi
  14444:39  warning  'jsPlumb' is not defined                                                   no-undef
  14473:29  warning  'jsPlumb' is not defined                                                   no-undef
  14480:38  warning  Do not access Object.prototype method 'hasOwnProperty' from target object  no-prototype-builtins
  14481:39  warning  'jsPlumb' is not defined                                                   no-undef
  14548:40  warning  Do not access Object.prototype method 'hasOwnProperty' from target object  no-prototype-builtins
  14639:22  warning  'jsPlumb' is not defined                                                   no-undef
  14644:24  warning  'jsPlumb' is not defined                                                   no-undef
  14770:26  warning  Do not access Object.prototype method 'hasOwnProperty' from target object  no-prototype-builtins
  14783:13  warning  'jsPlumb' is not defined                                                   no-undef
  14788:18  warning  'jsPlumb' is not defined                                                   no-undef
  14797:13  warning  'jsPlumb' is not defined                                                   no-undef
  14802:17  warning  'jsPlumb' is not defined                                                   no-undef
  14803:17  warning  'jsPlumb' is not defined                                                   no-undef
  14805:17  warning  'jsPlumb' is not defined                                                   no-undef
  14809:13  warning  'jsPlumb' is not defined                                                   no-undef
  14815:17  warning  'jsPlumb' is not defined                                                   no-undef
  14853:18  warning  'jsPlumb' is not defined                                                   no-undef
  14901:22  warning  'jsPlumb' is not defined                                                   no-undef
  14982:20  warning  'jsPlumb' is not defined                                                   no-undef
  14996:13  warning  'jsPlumb' is not defined                                                   no-undef
  15008:18  warning  'jsPlumb' is not defined                                                   no-undef
  15011:25  warning  'jsPlumb' is not defined                                                   no-undef
  15013:35  warning  'jsPlumb' is not defined                                                   no-undef
  15014:30  warning  'jsPlumb' is not defined                                                   no-undef
  15015:45  warning  'jsPlumb' is not defined                                                   no-undef
  15016:45  warning  'jsPlumb' is not defined                                                   no-undef
  15017:46  warning  'jsPlumb' is not defined                                                   no-undef
  15133:36  warning  'el' is defined but never used                                             no-unused-vars
  15133:40  warning  'options' is defined but never used                                        no-unused-vars
  15136:36  warning  'el' is defined but never used                                             no-unused-vars
  15136:40  warning  'options' is defined but never used                                        no-unused-vars
  15152:45  warning  'zoom' is defined but never used                                           no-unused-vars
  15192:33  warning  'spec' is defined but never used                                           no-unused-vars
  15201:31  warning  'spec' is defined but never used                                           no-unused-vars
  15210:38  warning  'posseId' is defined but never used                                        no-unused-vars
  15263:23  warning  'el' is defined but never used                                             no-unused-vars
  15263:27  warning  'event' is defined but never used                                          no-unused-vars
  15263:34  warning  'callback' is defined but never used                                       no-unused-vars
  15272:24  warning  'el' is defined but never used                                             no-unused-vars
  15272:28  warning  'event' is defined but never used                                          no-unused-vars
  15272:35  warning  'callback' is defined but never used                                       no-unused-vars

/home/runner/work/exp-protein-page-iitkgp/exp-protein-page-iitkgp/experiment/simulation/js/main.js
     7:10  warning  'start' is defined but never used                no-unused-vars
    16:10  warning  'restartexp' is defined but never used           no-unused-vars
    20:10  warning  'gel_resolve' is defined but never used          no-unused-vars
    26:3   warning  'canvasider' is not defined                      no-undef
    27:3   warning  'ctxsr' is not defined                           no-undef
    27:11  warning  'canvasider' is not defined                      no-undef
    33:5   warning  'ctxsr' is not defined                           no-undef
    34:5   warning  'ctxsr' is not defined                           no-undef
    35:5   warning  'ctxsr' is not defined                           no-undef
    36:5   warning  'ctxsr' is not defined                           no-undef
    37:5   warning  'ctxsr' is not defined                           no-undef
    38:5   warning  'ctxsr' is not defined                           no-undef
    39:5   warning  'ctxsr' is not defined                           no-undef
    45:30  warning  'canvasider' is not defined                      no-undef
    55:5   warning  'cancelani' is not defined                       no-undef
    63:10  warning  'stacking_gel' is defined but never used         no-unused-vars
    70:3   warning  'canvasides' is not defined                      no-undef
    71:3   warning  'ctxss' is not defined                           no-undef
    71:11  warning  'canvasides' is not defined                      no-undef
    77:5   warning  'ctxss' is not defined                           no-undef
    78:5   warning  'ctxss' is not defined                           no-undef
    79:5   warning  'ctxss' is not defined                           no-undef
    80:5   warning  'ctxss' is not defined                           no-undef
    81:5   warning  'ctxss' is not defined                           no-undef
    82:5   warning  'ctxss' is not defined                           no-undef
    83:5   warning  'ctxss' is not defined                           no-undef
    89:30  warning  'canvasides' is not defined                      no-undef
    99:5   warning  'cancelani' is not defined                       no-undef
   105:10  warning  'placecomb' is defined but never used            no-unused-vars
   275:10  warning  'removecomb' is defined but never used           no-unused-vars
   311:10  warning  'preprotein_sample' is defined but never used    no-unused-vars
   377:10  warning  'spin_sample' is defined but never used          no-unused-vars
   391:5   warning  '$' is not defined                               no-undef
   392:7   warning  '$' is not defined                               no-undef
   393:1   warning  Mixed spaces and tabs                            no-mixed-spaces-and-tabs
   398:10  warning  'addbuffer' is defined but never used            no-unused-vars
   404:10  warning  'addbuffertoelec' is defined but never used      no-unused-vars
   412:3   warning  'canvaside1' is not defined                      no-undef
   413:3   warning  'ctxs1' is not defined                           no-undef
   413:11  warning  'canvaside1' is not defined                      no-undef
   419:5   warning  'ctxs1' is not defined                           no-undef
   420:5   warning  'ctxs1' is not defined                           no-undef
   421:5   warning  'ctxs1' is not defined                           no-undef
   422:5   warning  'ctxs1' is not defined                           no-undef
   423:5   warning  'ctxs1' is not defined                           no-undef
   424:5   warning  'ctxs1' is not defined                           no-undef
   425:5   warning  'ctxs1' is not defined                           no-undef
   431:28  warning  'canvaside1' is not defined                      no-undef
   441:5   warning  'cancelani' is not defined                       no-undef
   450:10  warning  'sample_loadA' is defined but never used         no-unused-vars
   454:9   warning  'ctxsdrop1' is assigned a value but never used   no-unused-vars
   600:10  warning  'sample_loadB' is defined but never used         no-unused-vars
   605:9   warning  'ctxsdrop2' is assigned a value but never used   no-unused-vars
   744:10  warning  'sample_loadC' is defined but never used         no-unused-vars
   749:9   warning  'ctxsdrop3' is assigned a value but never used   no-unused-vars
   896:10  warning  'sample_loadD' is defined but never used         no-unused-vars
   902:9   warning  'ctxsdrop4' is assigned a value but never used   no-unused-vars
  1047:10  warning  'start_ele' is defined but never used            no-unused-vars
  1061:10  warning  'closetopcover' is defined but never used        no-unused-vars
  1089:10  warning  'txtvolt' is defined but never used              no-unused-vars
  1119:10  warning  'txtvoltp' is defined but never used             no-unused-vars
  1149:10  warning  'txtvoltd' is defined but never used             no-unused-vars
  1176:10  warning  'runningel' is defined but never used            no-unused-vars
  1180:5   warning  '$' is not defined                               no-undef
  1181:7   warning  '$' is not defined                               no-undef
  1184:5   warning  '$' is not defined                               no-undef
  1185:5   warning  '$' is not defined                               no-undef
  1196:12  warning  'puttopup' is defined but never used             no-unused-vars
  1242:10  warning  'staining' is defined but never used             no-unused-vars
  1281:5   warning  '$' is not defined                               no-undef
  1282:7   warning  '$' is not defined                               no-undef
  1289:10  warning  'dstaining' is defined but never used            no-unused-vars
  1319:5   warning  '$' is not defined                               no-undef
  1320:5   warning  '$' is not defined                               no-undef
  1324:5   warning  '$' is not defined                               no-undef
  1325:7   warning  '$' is not defined                               no-undef
  1330:10  warning  'view_sample_UVlight' is defined but never used  no-unused-vars
  1344:3   warning  'canvasuv1' is not defined                       no-undef
  1345:3   warning  'ctxuv1' is not defined                          no-undef
  1345:12  warning  'canvasuv1' is not defined                       no-undef
  1346:20  warning  'ctxuv1' is not defined                          no-undef
  1346:54  warning  'canvasuv1' is not defined                       no-undef
  1354:3   warning  'ctxuv1' is not defined                          no-undef
  1357:3   warning  'ctxuv1' is not defined                          no-undef
  1358:3   warning  'ctxuv1' is not defined                          no-undef
  1359:3   warning  'ctxuv1' is not defined                          no-undef
  1360:3   warning  'ctxuv1' is not defined                          no-undef
  1361:3   warning  'ctxuv1' is not defined                          no-undef
  1364:3   warning  'canvasuv2' is not defined                       no-undef
  1365:3   warning  'ctxuv2' is not defined                          no-undef
  1365:12  warning  'canvasuv2' is not defined                       no-undef
  1366:21  warning  'ctxuv1' is not defined                          no-undef
  1366:55  warning  'canvasuv2' is not defined                       no-undef
  1374:3   warning  'ctxuv2' is not defined                          no-undef
  1377:3   warning  'ctxuv2' is not defined                          no-undef
  1378:3   warning  'ctxuv2' is not defined                          no-undef
  1379:3   warning  'ctxuv2' is not defined                          no-undef
  1380:3   warning  'ctxuv2' is not defined                          no-undef
  1381:3   warning  'ctxuv2' is not defined                          no-undef
  1409:3   warning  'canvass11' is not defined                       no-undef
  1410:3   warning  'ctxgs11' is not defined                         no-undef
  1410:13  warning  'canvass11' is not defined                       no-undef
  1417:22  warning  'ctxgs11' is not defined                         no-undef
  1417:60  warning  'canvass11' is not defined                       no-undef
  1425:5   warning  'ctxgs11' is not defined                         no-undef
  1430:5   warning  'ctxgs11' is not defined                         no-undef
  1431:5   warning  'ctxgs11' is not defined                         no-undef
  1432:5   warning  'ctxgs11' is not defined                         no-undef
  1433:5   warning  'ctxgs11' is not defined                         no-undef
  1434:5   warning  'ctxgs11' is not defined                         no-undef
  1440:28  warning  'canvass11' is not defined                       no-undef
  1450:5   warning  'cancelani' is not defined                       no-undef
  1460:3   warning  'canvass21' is not defined                       no-undef
  1461:3   warning  'ctxgs21' is not defined                         no-undef
  1461:13  warning  'canvass21' is not defined                       no-undef
  1468:23  warning  'ctxgs21' is not defined                         no-undef
  1468:61  warning  'canvass21' is not defined                       no-undef
  1476:5   warning  'ctxgs21' is not defined                         no-undef
  1481:5   warning  'ctxgs21' is not defined                         no-undef
  1482:5   warning  'ctxgs21' is not defined                         no-undef
  1483:5   warning  'ctxgs21' is not defined                         no-undef
  1484:5   warning  'ctxgs21' is not defined                         no-undef
  1485:5   warning  'ctxgs21' is not defined                         no-undef
  1491:30  warning  'canvass21' is not defined                       no-undef
  1501:5   warning  'cancelani' is not defined                       no-undef
  1508:3   warning  'canvass31' is not defined                       no-undef
  1509:3   warning  'ctxgs31' is not defined                         no-undef
  1509:13  warning  'canvass31' is not defined                       no-undef
  1516:23  warning  'ctxgs31' is not defined                         no-undef
  1516:61  warning  'canvass31' is not defined                       no-undef
  1524:5   warning  'ctxgs31' is not defined                         no-undef
  1529:5   warning  'ctxgs31' is not defined                         no-undef
  1530:5   warning  'ctxgs31' is not defined                         no-undef
  1531:5   warning  'ctxgs31' is not defined                         no-undef
  1532:5   warning  'ctxgs31' is not defined                         no-undef
  1533:5   warning  'ctxgs31' is not defined                         no-undef
  1539:30  warning  'canvass31' is not defined                       no-undef
  1549:5   warning  'cancelani' is not defined                       no-undef
  1555:3   warning  'canvass41' is not defined                       no-undef
  1556:3   warning  'ctxgs41' is not defined                         no-undef
  1556:13  warning  'canvass41' is not defined                       no-undef
  1563:23  warning  'ctxgs41' is not defined                         no-undef
  1563:61  warning  'canvass41' is not defined                       no-undef
  1571:5   warning  'ctxgs41' is not defined                         no-undef
  1576:5   warning  'ctxgs41' is not defined                         no-undef
  1577:5   warning  'ctxgs41' is not defined                         no-undef
  1578:5   warning  'ctxgs41' is not defined                         no-undef
  1579:5   warning  'ctxgs41' is not defined                         no-undef
  1580:5   warning  'ctxgs41' is not defined                         no-undef
  1586:30  warning  'canvass41' is not defined                       no-undef
  1596:5   warning  'cancelani' is not defined                       no-undef
  1704:10  warning  'cancelmsg' is defined but never used            no-unused-vars

/home/runner/work/exp-protein-page-iitkgp/exp-protein-page-iitkgp/experiment/simulation/js/volconnection.js
    3:1   warning  'jsPlumb' is not defined                      no-undef
    8:9   warning  'addDisc' is assigned a value but never used  no-unused-vars
   10:17  warning  'e' is assigned a value but never used        no-unused-vars
   10:21  warning  'prepare' is not defined                      no-undef
   17:9   warning  'reset' is assigned a value but never used    no-unused-vars
   30:51  warning  'ui' is defined but never used                no-unused-vars
   32:21  warning  'jsPlumb' is not defined                      no-undef
   38:25  warning  'jsPlumb' is not defined                      no-undef
   46:21  warning  'id' is assigned a value but never used       no-unused-vars
  120:16  warning  'jsPlumb' is not defined                      no-undef
  138:13  warning  'e1' is assigned a value but never used       no-unused-vars
  140:13  warning  'e2' is assigned a value but never used       no-unused-vars
  141:13  warning  'e3' is assigned a value but never used       no-unused-vars
  142:13  warning  'e4' is assigned a value but never used       no-unused-vars
  143:9   warning  'e5' is not defined                           no-undef
  144:13  warning  'e6' is not defined                           no-undef
  146:9   warning  'e7' is not defined                           no-undef
  147:13  warning  'e8' is not defined                           no-undef
  149:9   warning  'e9' is not defined                           no-undef
  150:13  warning  'e10' is not defined                          no-undef
  158:54  warning  'originalEvent' is defined but never used     no-unused-vars
  182:5   warning  'jsPlumb' is not defined                      no-undef
  401:13  warning  'count' is assigned a value but never used    no-unused-vars
  586:13  warning  '$' is not defined                            no-undef
  587:7   warning  '$' is not defined                            no-undef
  590:13  warning  '$' is not defined                            no-undef
  591:13  warning  '$' is not defined                            no-undef
  614:13  warning  Unreachable code                              no-unreachable

✖ 386 problems (0 errors, 386 warnings)
  0 errors and 17 warnings potentially fixable with the `--fix` option.

